app/build/intermediates/manifest_merge_blame_file/release/manifest-merger-blame-release-report.txt
1<?xml version="1.0" encoding="utf-8"?>
2<manifest xmlns:android="http://schemas.android.com/apk/res/android"
3    package="com.italianswapp.yourtraining"
4    android:versionCode="5"
5    android:versionName="3.0" >
6
7    <uses-sdk
8        android:minSdkVersion="21"
8-->src\main\AndroidManifest.xml
9        android:targetSdkVersion="29" />
9-->src\main\AndroidManifest.xml
10
11    <!-- Although the *SdkVersion is captured in gradle build files, this is required for non gradle builds -->
12    <!-- <uses-sdk android:minSdkVersion="14"/> -->
13    <uses-permission android:name="android.permission.ACCESS_NETWORK_STATE" />
13-->[com.google.firebase:firebase-database:19.4.0] AndroidManifest.xml:25:5-79
13-->[com.google.firebase:firebase-database:19.4.0] AndroidManifest.xml:25:22-76
14    <uses-permission android:name="android.permission.INTERNET" />
14-->[com.google.firebase:firebase-database:19.4.0] AndroidManifest.xml:26:5-67
14-->[com.google.firebase:firebase-database:19.4.0] AndroidManifest.xml:26:22-64
15    <uses-permission android:name="android.permission.WAKE_LOCK" />
15-->[com.google.android.gms:play-services-measurement-api:17.5.0] AndroidManifest.xml:24:5-68
15-->[com.google.android.gms:play-services-measurement-api:17.5.0] AndroidManifest.xml:24:22-65
16    <uses-permission android:name="com.google.android.finsky.permission.BIND_GET_INSTALL_REFERRER_SERVICE" />
16-->[com.google.android.gms:play-services-measurement:17.5.0] AndroidManifest.xml:26:5-110
16-->[com.google.android.gms:play-services-measurement:17.5.0] AndroidManifest.xml:26:22-107
17
18    <application
18-->src\main\AndroidManifest.xml:6:5-84:19
19        android:name="com.italianswapp.yourtraining.Utilities.App"
19-->src\main\AndroidManifest.xml:12:9-38
20        android:allowBackup="true"
20-->src\main\AndroidManifest.xml:7:9-35
21        android:appComponentFactory="androidx.core.app.CoreComponentFactory"
21-->[androidx.core:core:1.3.0] AndroidManifest.xml:24:18-86
22        android:icon="@mipmap/ic_logo"
22-->src\main\AndroidManifest.xml:8:9-39
23        android:label="@string/app_name"
23-->src\main\AndroidManifest.xml:9:9-41
24        android:roundIcon="@mipmap/ic_logo"
24-->src\main\AndroidManifest.xml:10:9-44
25        android:screenOrientation="portrait"
25-->src\main\AndroidManifest.xml:13:9-45
26        android:supportsRtl="true"
26-->src\main\AndroidManifest.xml:11:9-35
27        android:theme="@style/Theme.AppCompat.Light.NoActionBar" >
27-->src\main\AndroidManifest.xml:15:9-65
28        <meta-data
28-->src\main\AndroidManifest.xml:17:9-19:70
29            android:name="com.google.android.gms.ads.APPLICATION_ID"
29-->src\main\AndroidManifest.xml:18:13-69
30            android:value="ca-app-pub-8919261416525349~1732676159" />
30-->src\main\AndroidManifest.xml:19:13-67
31
32        <activity
32-->src\main\AndroidManifest.xml:21:9-24:56
33            android:name="com.italianswapp.yourtraining.Timer.ReadyTimerActivity"
33-->src\main\AndroidManifest.xml:22:13-53
34            android:screenOrientation="portrait" />
34-->src\main\AndroidManifest.xml:23:13-49
35        <activity
35-->src\main\AndroidManifest.xml:25:9-28:56
36            android:name="com.italianswapp.yourtraining.HelpActivity"
36-->src\main\AndroidManifest.xml:26:13-41
37            android:screenOrientation="portrait" />
37-->src\main\AndroidManifest.xml:27:13-49
38        <activity
38-->src\main\AndroidManifest.xml:29:9-32:56
39            android:name="com.italianswapp.yourtraining.FinishActivity"
39-->src\main\AndroidManifest.xml:30:13-43
40            android:screenOrientation="portrait" />
40-->src\main\AndroidManifest.xml:31:13-49
41        <activity
41-->src\main\AndroidManifest.xml:33:9-36:56
42            android:name="com.italianswapp.yourtraining.Timer.Circuit.CircuitActivity"
42-->src\main\AndroidManifest.xml:34:13-58
43            android:screenOrientation="portrait" />
43-->src\main\AndroidManifest.xml:35:13-49
44        <activity
44-->src\main\AndroidManifest.xml:37:9-40:56
45            android:name="com.italianswapp.yourtraining.Timer.Circuit.CircuitCreatorActivity"
45-->src\main\AndroidManifest.xml:38:13-65
46            android:screenOrientation="portrait" />
46-->src\main\AndroidManifest.xml:39:13-49
47        <activity
47-->src\main\AndroidManifest.xml:41:9-44:56
48            android:name="com.italianswapp.yourtraining.Timer.TimerActivity"
48-->src\main\AndroidManifest.xml:42:13-48
49            android:screenOrientation="portrait" />
49-->src\main\AndroidManifest.xml:43:13-49
50        <activity
50-->src\main\AndroidManifest.xml:45:9-48:56
51            android:name="com.italianswapp.yourtraining.Chronometer.ChronometerActivity"
51-->src\main\AndroidManifest.xml:46:13-60
52            android:screenOrientation="portrait" />
52-->src\main\AndroidManifest.xml:47:13-49
53        <activity
53-->src\main\AndroidManifest.xml:49:9-52:56
54            android:name="com.italianswapp.yourtraining.Timer.CountDownTimers.TabataActivity"
54-->src\main\AndroidManifest.xml:50:13-65
55            android:screenOrientation="portrait" />
55-->src\main\AndroidManifest.xml:51:13-49
56        <activity
56-->src\main\AndroidManifest.xml:53:9-56:56
57            android:name="com.italianswapp.yourtraining.Timer.CountDownTimers.AmrapActivity"
57-->src\main\AndroidManifest.xml:54:13-64
58            android:screenOrientation="portrait" />
58-->src\main\AndroidManifest.xml:55:13-49
59        <activity
59-->src\main\AndroidManifest.xml:57:9-60:56
60            android:name="com.italianswapp.yourtraining.Timer.CountDownTimers.NegativePhaseActivity"
60-->src\main\AndroidManifest.xml:58:13-72
61            android:screenOrientation="portrait" />
61-->src\main\AndroidManifest.xml:59:13-49
62        <activity
62-->src\main\AndroidManifest.xml:61:9-64:56
63            android:name="com.italianswapp.yourtraining.Timer.CountDownTimers.EmomActivity"
63-->src\main\AndroidManifest.xml:62:13-63
64            android:screenOrientation="portrait" />
64-->src\main\AndroidManifest.xml:63:13-49
65        <activity
65-->src\main\AndroidManifest.xml:65:9-74:20
66            android:name="com.italianswapp.yourtraining.Menu.MenuActivity"
66-->src\main\AndroidManifest.xml:66:13-46
67            android:screenOrientation="portrait" >
67-->src\main\AndroidManifest.xml:67:13-49
68            <intent-filter>
68-->src\main\AndroidManifest.xml:69:13-73:29
69                <action android:name="android.intent.action.MAIN" />
69-->src\main\AndroidManifest.xml:70:17-69
69-->src\main\AndroidManifest.xml:70:25-66
70
71                <category android:name="android.intent.category.LAUNCHER" />
71-->src\main\AndroidManifest.xml:72:17-77
71-->src\main\AndroidManifest.xml:72:27-74
72            </intent-filter>
73        </activity>
74        <activity
74-->src\main\AndroidManifest.xml:75:9-79:71
75            android:name="com.italianswapp.yourtraining.WorkoutProposed.ProposedWorkoutsActivity"
75-->src\main\AndroidManifest.xml:76:13-69
76            android:screenOrientation="portrait"
76-->src\main\AndroidManifest.xml:77:13-49
77            android:theme="@style/Theme.AppCompat.Light.NoActionBar" />
77-->src\main\AndroidManifest.xml:79:13-69
78
79        <meta-data
79-->src\main\AndroidManifest.xml:81:9-83:57
80            android:name="preloaded_fonts"
80-->src\main\AndroidManifest.xml:82:13-43
81            android:resource="@array/preloaded_fonts" />
81-->src\main\AndroidManifest.xml:83:13-54
82
83        <service
83-->[com.google.firebase:firebase-database:19.4.0] AndroidManifest.xml:29:9-35:19
84            android:name="com.google.firebase.components.ComponentDiscoveryService"
84-->[com.google.firebase:firebase-database:19.4.0] AndroidManifest.xml:30:13-84
85            android:directBootAware="true"
85-->[com.google.firebase:firebase-common:19.3.1] AndroidManifest.xml:35:13-43
86            android:exported="false" >
86-->[com.google.firebase:firebase-database:19.4.0] AndroidManifest.xml:31:13-37
87            <meta-data
87-->[com.google.firebase:firebase-database:19.4.0] AndroidManifest.xml:32:13-34:85
88                android:name="com.google.firebase.components:com.google.firebase.database.DatabaseRegistrar"
88-->[com.google.firebase:firebase-database:19.4.0] AndroidManifest.xml:33:17-109
89                android:value="com.google.firebase.components.ComponentRegistrar" />
89-->[com.google.firebase:firebase-database:19.4.0] AndroidManifest.xml:34:17-82
90            <meta-data
90-->[com.google.android.gms:play-services-measurement-api:17.5.0] AndroidManifest.xml:30:13-32:85
91                android:name="com.google.firebase.components:com.google.firebase.analytics.connector.internal.AnalyticsConnectorRegistrar"
91-->[com.google.android.gms:play-services-measurement-api:17.5.0] AndroidManifest.xml:31:17-139
92                android:value="com.google.firebase.components.ComponentRegistrar" />
92-->[com.google.android.gms:play-services-measurement-api:17.5.0] AndroidManifest.xml:32:17-82
93            <meta-data
93-->[com.google.firebase:firebase-installations:16.3.2] AndroidManifest.xml:17:13-19:85
94                android:name="com.google.firebase.components:com.google.firebase.installations.FirebaseInstallationsRegistrar"
94-->[com.google.firebase:firebase-installations:16.3.2] AndroidManifest.xml:18:17-127
95                android:value="com.google.firebase.components.ComponentRegistrar" />
95-->[com.google.firebase:firebase-installations:16.3.2] AndroidManifest.xml:19:17-82
96        </service>
97
98        <activity
98-->[com.google.android.gms:play-services-base:17.0.0] AndroidManifest.xml:23:9-26:75
99            android:name="com.google.android.gms.common.api.GoogleApiActivity"
99-->[com.google.android.gms:play-services-base:17.0.0] AndroidManifest.xml:24:13-79
100            android:exported="false"
100-->[com.google.android.gms:play-services-base:17.0.0] AndroidManifest.xml:25:13-37
101            android:theme="@android:style/Theme.Translucent.NoTitleBar" />
101-->[com.google.android.gms:play-services-base:17.0.0] AndroidManifest.xml:26:13-72
102
103        <provider
103-->[com.google.firebase:firebase-common:19.3.1] AndroidManifest.xml:26:9-31:39
104            android:name="com.google.firebase.provider.FirebaseInitProvider"
104-->[com.google.firebase:firebase-common:19.3.1] AndroidManifest.xml:27:13-77
105            android:authorities="com.italianswapp.yourtraining.firebaseinitprovider"
105-->[com.google.firebase:firebase-common:19.3.1] AndroidManifest.xml:28:13-72
106            android:directBootAware="true"
106-->[com.google.firebase:firebase-common:19.3.1] AndroidManifest.xml:29:13-43
107            android:exported="false"
107-->[com.google.firebase:firebase-common:19.3.1] AndroidManifest.xml:30:13-37
108            android:initOrder="100" />
108-->[com.google.firebase:firebase-common:19.3.1] AndroidManifest.xml:31:13-36
109
110        <receiver
110-->[com.google.android.gms:play-services-measurement:17.5.0] AndroidManifest.xml:29:9-33:20
111            android:name="com.google.android.gms.measurement.AppMeasurementReceiver"
111-->[com.google.android.gms:play-services-measurement:17.5.0] AndroidManifest.xml:30:13-85
112            android:enabled="true"
112-->[com.google.android.gms:play-services-measurement:17.5.0] AndroidManifest.xml:31:13-35
113            android:exported="false" >
113-->[com.google.android.gms:play-services-measurement:17.5.0] AndroidManifest.xml:32:13-37
114        </receiver>
115
116        <service
116-->[com.google.android.gms:play-services-measurement:17.5.0] AndroidManifest.xml:35:9-38:40
117            android:name="com.google.android.gms.measurement.AppMeasurementService"
117-->[com.google.android.gms:play-services-measurement:17.5.0] AndroidManifest.xml:36:13-84
118            android:enabled="true"
118-->[com.google.android.gms:play-services-measurement:17.5.0] AndroidManifest.xml:37:13-35
119            android:exported="false" />
119-->[com.google.android.gms:play-services-measurement:17.5.0] AndroidManifest.xml:38:13-37
120        <service
120-->[com.google.android.gms:play-services-measurement:17.5.0] AndroidManifest.xml:39:9-43:72
121            android:name="com.google.android.gms.measurement.AppMeasurementJobService"
121-->[com.google.android.gms:play-services-measurement:17.5.0] AndroidManifest.xml:40:13-87
122            android:enabled="true"
122-->[com.google.android.gms:play-services-measurement:17.5.0] AndroidManifest.xml:41:13-35
123            android:exported="false"
123-->[com.google.android.gms:play-services-measurement:17.5.0] AndroidManifest.xml:42:13-37
124            android:permission="android.permission.BIND_JOB_SERVICE" /> <!-- Include the AdActivity and InAppPurchaseActivity configChanges and themes. -->
124-->[com.google.android.gms:play-services-measurement:17.5.0] AndroidManifest.xml:43:13-69
125        <activity
125-->[com.google.android.gms:play-services-ads-lite:19.4.0] AndroidManifest.xml:29:9-33:64
126            android:name="com.google.android.gms.ads.AdActivity"
126-->[com.google.android.gms:play-services-ads-lite:19.4.0] AndroidManifest.xml:30:13-65
127            android:configChanges="keyboard|keyboardHidden|orientation|screenLayout|uiMode|screenSize|smallestScreenSize"
127-->[com.google.android.gms:play-services-ads-lite:19.4.0] AndroidManifest.xml:31:13-122
128            android:exported="false"
128-->[com.google.android.gms:play-services-ads-lite:19.4.0] AndroidManifest.xml:32:13-37
129            android:theme="@android:style/Theme.Translucent" />
129-->[com.google.android.gms:play-services-ads-lite:19.4.0] AndroidManifest.xml:33:13-61
130
131        <provider
131-->[com.google.android.gms:play-services-ads-lite:19.4.0] AndroidManifest.xml:35:9-39:39
132            android:name="com.google.android.gms.ads.MobileAdsInitProvider"
132-->[com.google.android.gms:play-services-ads-lite:19.4.0] AndroidManifest.xml:36:13-76
133            android:authorities="com.italianswapp.yourtraining.mobileadsinitprovider"
133-->[com.google.android.gms:play-services-ads-lite:19.4.0] AndroidManifest.xml:37:13-73
134            android:exported="false"
134-->[com.google.android.gms:play-services-ads-lite:19.4.0] AndroidManifest.xml:38:13-37
135            android:initOrder="100" />
135-->[com.google.android.gms:play-services-ads-lite:19.4.0] AndroidManifest.xml:39:13-36
136
137        <service
137-->[com.google.android.gms:play-services-ads-lite:19.4.0] AndroidManifest.xml:41:9-44:40
138            android:name="com.google.android.gms.ads.AdService"
138-->[com.google.android.gms:play-services-ads-lite:19.4.0] AndroidManifest.xml:42:13-64
139            android:enabled="true"
139-->[com.google.android.gms:play-services-ads-lite:19.4.0] AndroidManifest.xml:43:13-35
140            android:exported="false" />
140-->[com.google.android.gms:play-services-ads-lite:19.4.0] AndroidManifest.xml:44:13-37
141
142        <meta-data
142-->[com.google.android.gms:play-services-basement:17.4.0] AndroidManifest.xml:23:9-25:69
143            android:name="com.google.android.gms.version"
143-->[com.google.android.gms:play-services-basement:17.4.0] AndroidManifest.xml:24:13-58
144            android:value="@integer/google_play_services_version" />
144-->[com.google.android.gms:play-services-basement:17.4.0] AndroidManifest.xml:25:13-66
145    </application>
146
147</manifest>